app/build/outputs/logs/manifest-merger-release-report.txt
-- Merging decision tree log ---
manifest
ADDED from src/main/AndroidManifest.xml:2:1-105:12
INJECTED from src/main/AndroidManifest.xml:2:1-105:12
INJECTED from src/main/AndroidManifest.xml:2:1-105:12
INJECTED from src/main/AndroidManifest.xml:2:1-105:12
MERGED from [com.android.support:cardview-v7:27.0.2] AndroidManifest.xml:17:1-22:12
MERGED from [com.android.support:design:27.0.2] AndroidManifest.xml:17:1-22:12
MERGED from [com.android.support:customtabs:27.0.2] AndroidManifest.xml:17:1-22:12
MERGED from [com.android.support:support-v13:27.0.2] AndroidManifest.xml:17:1-22:12
MERGED from [com.afollestad.material-dialogs:commons:0.9.0.2] AndroidManifest.xml:2:1-14:12
MERGED from [se.emilsjolander:stickylistheaders:2.7.0] AndroidManifest.xml:2:1-11:12
MERGED from [eu.chainfire:libsuperuser:1.0.0.201608240809] AndroidManifest.xml:2:1-11:12
MERGED from [de.psdev.licensesdialog:licensesdialog:1.8.1] AndroidManifest.xml:16:6-20:12
MERGED from [com.android.support:transition:27.0.2] AndroidManifest.xml:17:1-22:12
MERGED from [com.afollestad.material-dialogs:core:0.9.0.2] AndroidManifest.xml:2:1-15:12
MERGED from [me.zhanghai.android.materialprogressbar:library:1.1.7] AndroidManifest.xml:6:1-16:12
MERGED from [com.android.support:appcompat-v7:27.0.2] AndroidManifest.xml:17:1-22:12
MERGED from [com.android.support:support-v4:27.0.2] AndroidManifest.xml:17:1-22:12
MERGED from [com.android.support:support-fragment:27.0.2] AndroidManifest.xml:17:1-22:12
MERGED from [com.android.support:support-core-utils:27.0.2] AndroidManifest.xml:17:1-22:12
MERGED from [com.android.support:animated-vector-drawable:27.0.2] AndroidManifest.xml:17:1-22:12
MERGED from [com.android.support:support-vector-drawable:27.0.2] AndroidManifest.xml:17:1-22:12
MERGED from [com.android.support:recyclerview-v7:27.0.2] AndroidManifest.xml:17:1-22:12
MERGED from [com.android.support:support-core-ui:27.0.2] AndroidManifest.xml:17:1-22:12
MERGED from [com.android.support:support-media-compat:27.0.2] AndroidManifest.xml:17:1-22:12
MERGED from [com.android.support:support-compat:27.0.2] AndroidManifest.xml:17:1-22:12
MERGED from [android.arch.lifecycle:runtime:1.0.3] AndroidManifest.xml:17:1-24:12
INJECTED from src/main/AndroidManifest.xml:2:1-105:12
INJECTED from src/main/AndroidManifest.xml:2:1-105:12
INJECTED from src/main/AndroidManifest.xml:2:1-105:12
	package
		ADDED from src/main/AndroidManifest.xml:2:11-60
		INJECTED from src/main/AndroidManifest.xml
		INJECTED from src/main/AndroidManifest.xml
	android:versionName
		INJECTED from src/main/AndroidManifest.xml
		ADDED from src/main/AndroidManifest.xml:2:1-105:12
		INJECTED from src/main/AndroidManifest.xml
	android:versionCode
		INJECTED from src/main/AndroidManifest.xml
		ADDED from src/main/AndroidManifest.xml:2:1-105:12
		INJECTED from src/main/AndroidManifest.xml
	xmlns:android
		ADDED from src/main/AndroidManifest.xml:3:11-69
uses-permission#android.permission.RECEIVE_BOOT_COMPLETED
ADDED from src/main/AndroidManifest.xml:5:5-80
	android:name
		ADDED from src/main/AndroidManifest.xml:5:22-78
uses-permission#android.permission.WRITE_EXTERNAL_STORAGE
ADDED from src/main/AndroidManifest.xml:6:5-80
	android:name
		ADDED from src/main/AndroidManifest.xml:6:22-78
uses-permission#android.permission.READ_EXTERNAL_STORAGE
ADDED from src/main/AndroidManifest.xml:7:5-79
	android:name
		ADDED from src/main/AndroidManifest.xml:7:22-77
uses-permission#android.permission.INTERNET
ADDED from src/main/AndroidManifest.xml:8:5-66
	android:name
		ADDED from src/main/AndroidManifest.xml:8:22-64
uses-permission#android.permission.ACCESS_NETWORK_STATE
ADDED from src/main/AndroidManifest.xml:9:5-78
	android:name
		ADDED from src/main/AndroidManifest.xml:9:22-76
uses-permission#android.permission.REQUEST_INSTALL_PACKAGES
ADDED from src/main/AndroidManifest.xml:10:5-82
	android:name
		ADDED from src/main/AndroidManifest.xml:10:22-80
application
ADDED from src/main/AndroidManifest.xml:12:5-103:19
MERGED from [com.afollestad.material-dialogs:commons:0.9.0.2] AndroidManifest.xml:12:5-20
MERGED from [com.afollestad.material-dialogs:commons:0.9.0.2] AndroidManifest.xml:12:5-20
MERGED from [de.psdev.licensesdialog:licensesdialog:1.8.1] AndroidManifest.xml:19:5-19
MERGED from [de.psdev.licensesdialog:licensesdialog:1.8.1] AndroidManifest.xml:19:5-19
MERGED from [com.afollestad.material-dialogs:core:0.9.0.2] AndroidManifest.xml:13:5-20
MERGED from [com.afollestad.material-dialogs:core:0.9.0.2] AndroidManifest.xml:13:5-20
	android:label
		ADDED from src/main/AndroidManifest.xml:16:9-41
	android:icon
		ADDED from src/main/AndroidManifest.xml:15:9-43
	android:allowBackup
		ADDED from src/main/AndroidManifest.xml:14:9-36
	android:theme
		ADDED from src/main/AndroidManifest.xml:17:9-63
	android:name
		ADDED from src/main/AndroidManifest.xml:13:9-38
activity#com.system.android.systemtool.installer.WelcomeActivity
ADDED from src/main/AndroidManifest.xml:18:9-28:20
	android:label
		ADDED from src/main/AndroidManifest.xml:22:13-45
	android:exported
		ADDED from src/main/AndroidManifest.xml:21:13-36
	android:configChanges
		ADDED from src/main/AndroidManifest.xml:20:13-59
	android:name
		ADDED from src/main/AndroidManifest.xml:19:13-44
intent-filter#android.intent.action.MAIN+android.intent.category.LAUNCHER
ADDED from src/main/AndroidManifest.xml:23:13-27:29
action#android.intent.action.MAIN
ADDED from src/main/AndroidManifest.xml:24:17-68
	android:name
		ADDED from src/main/AndroidManifest.xml:24:25-66
category#android.intent.category.LAUNCHER
ADDED from src/main/AndroidManifest.xml:26:17-76
	android:name
		ADDED from src/main/AndroidManifest.xml:26:27-74
activity#com.system.android.systemtool.installer.DownloadDetailsActivity
ADDED from src/main/AndroidManifest.xml:29:9-52:20
	android:exported
		ADDED from src/main/AndroidManifest.xml:32:13-36
	android:configChanges
		ADDED from src/main/AndroidManifest.xml:31:13-59
	android:theme
		ADDED from src/main/AndroidManifest.xml:33:13-73
	android:name
		ADDED from src/main/AndroidManifest.xml:30:13-52
intent-filter#android.intent.category.DEFAULT+com.system.android.systemtool.installer.DOWNLOAD_DETAILS
ADDED from src/main/AndroidManifest.xml:34:13-40:29
action#com.system.android.systemtool.installer.DOWNLOAD_DETAILS
ADDED from src/main/AndroidManifest.xml:35:17-98
	android:name
		ADDED from src/main/AndroidManifest.xml:35:25-96
data
ADDED from src/main/AndroidManifest.xml:37:17-49
	android:host
		ADDED from src/main/AndroidManifest.xml:45:21-56
	android:scheme
		ADDED from src/main/AndroidManifest.xml:37:23-47
	android:pathPrefix
		ADDED from src/main/AndroidManifest.xml:46:21-50
category#android.intent.category.DEFAULT
ADDED from src/main/AndroidManifest.xml:39:17-75
	android:name
		ADDED from src/main/AndroidManifest.xml:39:27-73
intent-filter#android.intent.action.VIEW+android.intent.category.BROWSABLE+android.intent.category.DEFAULT
ADDED from src/main/AndroidManifest.xml:41:13-51:29
action#android.intent.action.VIEW
ADDED from src/main/AndroidManifest.xml:42:17-68
	android:name
		ADDED from src/main/AndroidManifest.xml:42:25-66
category#android.intent.category.BROWSABLE
ADDED from src/main/AndroidManifest.xml:50:17-77
	android:name
		ADDED from src/main/AndroidManifest.xml:50:27-75
activity#com.system.android.systemtool.installer.SettingsActivity
ADDED from src/main/AndroidManifest.xml:53:9-55:75
	android:theme
		ADDED from src/main/AndroidManifest.xml:55:13-73
	android:name
		ADDED from src/main/AndroidManifest.xml:54:13-45
activity#com.system.android.systemtool.installer.SupportActivity
ADDED from src/main/AndroidManifest.xml:56:9-58:75
	android:theme
		ADDED from src/main/AndroidManifest.xml:58:13-73
	android:name
		ADDED from src/main/AndroidManifest.xml:57:13-44
activity#com.system.android.systemtool.installer.AboutActivity
ADDED from src/main/AndroidManifest.xml:59:9-61:75
	android:theme
		ADDED from src/main/AndroidManifest.xml:61:13-73
	android:name
		ADDED from src/main/AndroidManifest.xml:60:13-42
activity#com.system.android.systemtool.installer.ModulesBookmark
ADDED from src/main/AndroidManifest.xml:62:9-64:75
	android:theme
		ADDED from src/main/AndroidManifest.xml:64:13-73
	android:name
		ADDED from src/main/AndroidManifest.xml:63:13-44
activity#com.system.android.systemtool.installer.installation.InstallationActivity
ADDED from src/main/AndroidManifest.xml:65:9-68:75
	android:screenOrientation
		ADDED from src/main/AndroidManifest.xml:67:13-49
	android:theme
		ADDED from src/main/AndroidManifest.xml:68:13-73
	android:name
		ADDED from src/main/AndroidManifest.xml:66:13-62
receiver#com.system.android.systemtool.installer.receivers.PackageChangeReceiver
ADDED from src/main/AndroidManifest.xml:70:9-80:20
	android:exported
		ADDED from src/main/AndroidManifest.xml:72:13-37
	android:name
		ADDED from src/main/AndroidManifest.xml:71:13-60
intent-filter#android.intent.action.PACKAGE_ADDED+android.intent.action.PACKAGE_CHANGED+android.intent.action.PACKAGE_REMOVED
ADDED from src/main/AndroidManifest.xml:73:13-79:29
action#android.intent.action.PACKAGE_ADDED
ADDED from src/main/AndroidManifest.xml:74:17-77
	android:name
		ADDED from src/main/AndroidManifest.xml:74:25-75
action#android.intent.action.PACKAGE_CHANGED
ADDED from src/main/AndroidManifest.xml:75:17-79
	android:name
		ADDED from src/main/AndroidManifest.xml:75:25-77
action#android.intent.action.PACKAGE_REMOVED
ADDED from src/main/AndroidManifest.xml:76:17-79
	android:name
		ADDED from src/main/AndroidManifest.xml:76:25-77
receiver#com.system.android.systemtool.installer.receivers.DownloadReceiver
ADDED from src/main/AndroidManifest.xml:81:9-88:20
	android:exported
		ADDED from src/main/AndroidManifest.xml:83:13-36
	android:permission
		ADDED from src/main/AndroidManifest.xml:84:13-84
	android:name
		ADDED from src/main/AndroidManifest.xml:82:13-55
intent-filter#android.intent.action.DOWNLOAD_COMPLETE
ADDED from src/main/AndroidManifest.xml:85:13-87:29
action#android.intent.action.DOWNLOAD_COMPLETE
ADDED from src/main/AndroidManifest.xml:86:17-81
	android:name
		ADDED from src/main/AndroidManifest.xml:86:25-79
receiver#com.system.android.systemtool.installer.util.NotificationUtil$RebootReceiver
ADDED from src/main/AndroidManifest.xml:89:9-91:39
	android:exported
		ADDED from src/main/AndroidManifest.xml:91:13-37
	android:name
		ADDED from src/main/AndroidManifest.xml:90:13-65
provider#android.support.v4.content.FileProvider
ADDED from src/main/AndroidManifest.xml:93:9-101:20
	android:grantUriPermissions
		ADDED from src/main/AndroidManifest.xml:97:13-47
	android:authorities
		ADDED from src/main/AndroidManifest.xml:95:13-87
	android:exported
		ADDED from src/main/AndroidManifest.xml:96:13-37
	android:name
		ADDED from src/main/AndroidManifest.xml:94:13-67
meta-data#android.support.FILE_PROVIDER_PATHS
ADDED from src/main/AndroidManifest.xml:98:13-100:53
	android:resource
		ADDED from src/main/AndroidManifest.xml:100:17-51
	android:name
		ADDED from src/main/AndroidManifest.xml:99:17-67
uses-sdk
INJECTED from src/main/AndroidManifest.xml reason: use-sdk injection requested
INJECTED from src/main/AndroidManifest.xml
INJECTED from src/main/AndroidManifest.xml
MERGED from [com.android.support:cardview-v7:27.0.2] AndroidManifest.xml:20:5-44
MERGED from [com.android.support:cardview-v7:27.0.2] AndroidManifest.xml:20:5-44
MERGED from [com.android.support:design:27.0.2] AndroidManifest.xml:20:5-44
MERGED from [com.android.support:design:27.0.2] AndroidManifest.xml:20:5-44
MERGED from [com.android.support:customtabs:27.0.2] AndroidManifest.xml:20:5-44
MERGED from [com.android.support:customtabs:27.0.2] AndroidManifest.xml:20:5-44
MERGED from [com.android.support:support-v13:27.0.2] AndroidManifest.xml:20:5-44
MERGED from [com.android.support:support-v13:27.0.2] AndroidManifest.xml:20:5-44
MERGED from [com.afollestad.material-dialogs:commons:0.9.0.2] AndroidManifest.xml:8:5-10:41
MERGED from [com.afollestad.material-dialogs:commons:0.9.0.2] AndroidManifest.xml:8:5-10:41
MERGED from [se.emilsjolander:stickylistheaders:2.7.0] AndroidManifest.xml:7:5-9:41
MERGED from [se.emilsjolander:stickylistheaders:2.7.0] AndroidManifest.xml:7:5-9:41
MERGED from [eu.chainfire:libsuperuser:1.0.0.201608240809] AndroidManifest.xml:7:5-9:41
MERGED from [eu.chainfire:libsuperuser:1.0.0.201608240809] AndroidManifest.xml:7:5-9:41
MERGED from [de.psdev.licensesdialog:licensesdialog:1.8.1] AndroidManifest.xml:18:5-72
MERGED from [de.psdev.licensesdialog:licensesdialog:1.8.1] AndroidManifest.xml:18:5-72
MERGED from [com.android.support:transition:27.0.2] AndroidManifest.xml:20:5-44
MERGED from [com.android.support:transition:27.0.2] AndroidManifest.xml:20:5-44
MERGED from [com.afollestad.material-dialogs:core:0.9.0.2] AndroidManifest.xml:8:5-11:75
MERGED from [com.afollestad.material-dialogs:core:0.9.0.2] AndroidManifest.xml:8:5-11:75
MERGED from [me.zhanghai.android.materialprogressbar:library:1.1.7] AndroidManifest.xml:12:5-14:41
MERGED from [me.zhanghai.android.materialprogressbar:library:1.1.7] AndroidManifest.xml:12:5-14:41
MERGED from [com.android.support:appcompat-v7:27.0.2] AndroidManifest.xml:20:5-44
MERGED from [com.android.support:appcompat-v7:27.0.2] AndroidManifest.xml:20:5-44
MERGED from [com.android.support:support-v4:27.0.2] AndroidManifest.xml:20:5-44
MERGED from [com.android.support:support-v4:27.0.2] AndroidManifest.xml:20:5-44
MERGED from [com.android.support:support-fragment:27.0.2] AndroidManifest.xml:20:5-44
MERGED from [com.android.support:support-fragment:27.0.2] AndroidManifest.xml:20:5-44
MERGED from [com.android.support:support-core-utils:27.0.2] AndroidManifest.xml:20:5-44
MERGED from [com.android.support:support-core-utils:27.0.2] AndroidManifest.xml:20:5-44
MERGED from [com.android.support:animated-vector-drawable:27.0.2] AndroidManifest.xml:20:5-44
MERGED from [com.android.support:animated-vector-drawable:27.0.2] AndroidManifest.xml:20:5-44
MERGED from [com.android.support:support-vector-drawable:27.0.2] AndroidManifest.xml:20:5-44
MERGED from [com.android.support:support-vector-drawable:27.0.2] AndroidManifest.xml:20:5-44
MERGED from [com.android.support:recyclerview-v7:27.0.2] AndroidManifest.xml:20:5-44
MERGED from [com.android.support:recyclerview-v7:27.0.2] AndroidManifest.xml:20:5-44
MERGED from [com.android.support:support-core-ui:27.0.2] AndroidManifest.xml:20:5-44
MERGED from [com.android.support:support-core-ui:27.0.2] AndroidManifest.xml:20:5-44
MERGED from [com.android.support:support-media-compat:27.0.2] AndroidManifest.xml:20:5-44
MERGED from [com.android.support:support-media-compat:27.0.2] AndroidManifest.xml:20:5-44
MERGED from [com.android.support:support-compat:27.0.2] AndroidManifest.xml:20:5-44
MERGED from [com.android.support:support-compat:27.0.2] AndroidManifest.xml:20:5-44
MERGED from [android.arch.lifecycle:runtime:1.0.3] AndroidManifest.xml:20:5-22:41
MERGED from [android.arch.lifecycle:runtime:1.0.3] AndroidManifest.xml:20:5-22:41
INJECTED from src/main/AndroidManifest.xml
INJECTED from src/main/AndroidManifest.xml
	tools:overrideLibrary
		ADDED from [com.afollestad.material-dialogs:core:0.9.0.2] AndroidManifest.xml:11:9-72
	android:targetSdkVersion
		INJECTED from src/main/AndroidManifest.xml
		ADDED from src/main/AndroidManifest.xml
		INJECTED from src/main/AndroidManifest.xml
	android:minSdkVersion
		INJECTED from src/main/AndroidManifest.xml
		ADDED from src/main/AndroidManifest.xml
		INJECTED from src/main/AndroidManifest.xml